<?xml version="1.0" encoding="UTF-8"?>
<!-- Generated by org.testng.reporters.JUnitXMLReporter -->
<testsuite hostname="QMAC0271.local" ignored="0" name="Default test" tests="6" failures="0" timestamp="16 May 2020 09:56:20 GMT" time="55.078" errors="0">
  <testcase name="titleVerifaction" time="0.031" classname="com.test.qa.test.HandlingDynamicElements"/>
  <testcase name="verifySerachbox" time="0.207" classname="com.test.qa.test.HandlingDynamicElements"/>
  <testcase name="verifyEmptyQuery" time="6.148" classname="com.test.qa.test.HandlingDynamicElements"/>
  <testcase name="verifyResult" time="0.704" classname="com.test.qa.test.HandlingDynamicElements"/>
  <testcase name="verifyNoResult" time="5.462" classname="com.test.qa.test.HandlingDynamicElements"/>
  <testcase name="verifySingleResult" time="5.594" classname="com.test.qa.test.HandlingDynamicElements"/>
</testsuite> <!-- Default test -->
